Added Component: Designator=D0(LED-0805R)
Add component. Clean all parameters for all variants
Added Component: Designator=D1(LED-0805R)
Add component. Clean all parameters for all variants
Added Component: Designator=D2(LED-0805R)
Add component. Clean all parameters for all variants
Added Component: Designator=D3(LED-0805R)
Add component. Clean all parameters for all variants
Added Component: Designator=D4(LED-0805R)
Add component. Clean all parameters for all variants
Added Component: Designator=D5(LED-0805R)
Add component. Clean all parameters for all variants
Added Component: Designator=D6(LED-0805R)
Add component. Clean all parameters for all variants
Added Component: Designator=D7(LED-0805R)
Add component. Clean all parameters for all variants
Added Component: Designator=D(LED-0805R)
Add component. Clean all parameters for all variants
Added Component: Designator=IC(TO92A)
Add component. Clean all parameters for all variants
Add component (AddParameter): Name = "BOM名称"; Value = "数字温度计"; VariantName = "[No Variations]"
Add component (AddParameter): Name = "学习资源"; Value = "www.ooocke.com"; VariantName = "[No Variations]"
Add component (AddParameter): Name = "版权归属"; Value = "源创客"; VariantName = "[No Variations]"
Added Component: Designator=J7(Fe-HDR1X8/2.54-S)
Add component. Clean all parameters for all variants
Added Component: Designator=J8(Fe-HDR1X3/2.54-S)
Add component. Clean all parameters for all variants
Added Component: Designator=J10(Pin HDR2X4/2.54mm-S)
Add component. Clean all parameters for all variants
Added Component: Designator=J11(Pin HDR1X4/2.54mm-S)
Add component. Clean all parameters for all variants
Added Component: Designator=J12(Pin HDR1X7/2.54mm-S)
Add component. Clean all parameters for all variants
Added Component: Designator=J13(Fe-HDR1X4/2.54-S)
Add component. Clean all parameters for all variants
Added Component: Designator=RP1(3296W)
Add component. Clean all parameters for all variants
Add component (AddParameter): Name = "BOM名称"; Value = "插件电位器"; VariantName = "[No Variations]"
Add component (AddParameter): Name = "学习资源"; Value = "www.ooocke.com"; VariantName = "[No Variations]"
Add component (AddParameter): Name = "版权归属"; Value = "源创客"; VariantName = "[No Variations]"
Added Component: Designator=U1(BEEP 7.6x12x9.5)
Add component. Clean all parameters for all variants
Added Net: Name=ALE
Added Pin To Net: NetName=GND Pin=D-K
Added Pin To Net: NetName=GND Pin=J8-2
Added Pin To Net: NetName=GND Pin=J10-1
Added Pin To Net: NetName=GND Pin=J10-3
Added Pin To Net: NetName=GND Pin=J10-5
Added Pin To Net: NetName=GND Pin=J10-7
Added Pin To Net: NetName=GND Pin=J11-1
Added Pin To Net: NetName=GND Pin=J12-1
Added Pin To Net: NetName=GND Pin=J13-4
Added Pin To Net: NetName=GND Pin=RP1-2
Added Net: Name=GND
Added Pin To Net: NetName=NetD0_K Pin=D0-K
Added Net: Name=NetD0_K
Added Pin To Net: NetName=NetD1_K Pin=D1-K
Added Net: Name=NetD1_K
Added Pin To Net: NetName=NetD2_K Pin=D2-K
Added Net: Name=NetD2_K
Added Pin To Net: NetName=NetD3_K Pin=D3-K
Added Net: Name=NetD3_K
Added Pin To Net: NetName=NetD4_K Pin=D4-K
Added Net: Name=NetD4_K
Added Pin To Net: NetName=NetD5_K Pin=D5-K
Added Net: Name=NetD5_K
Added Pin To Net: NetName=NetD6_K Pin=D6-K
Added Net: Name=NetD6_K
Added Pin To Net: NetName=NetD7_K Pin=D7-K
Added Net: Name=NetD7_K
Added Pin To Net: NetName=NetD_A Pin=D-A
Added Net: Name=NetD_A
Added Net: Name=NetIC_2
Added Net: Name=NetLCD_3
Added Pin To Net: NetName=NetR4_1 Pin=U1-1
Added Net: Name=NetR4_1
Added Net: Name=NetR5_1
Added Pin To Net: NetName=P0.0 Pin=D0-A
Added Net: Name=P0.0
Added Pin To Net: NetName=P0.1 Pin=D1-A
Added Net: Name=P0.1
Added Pin To Net: NetName=P0.2 Pin=D2-A
Added Net: Name=P0.2
Added Pin To Net: NetName=P0.3 Pin=D3-A
Added Net: Name=P0.3
Added Pin To Net: NetName=P0.4 Pin=D4-A
Added Net: Name=P0.4
Added Pin To Net: NetName=P0.5 Pin=D5-A
Added Net: Name=P0.5
Added Pin To Net: NetName=P0.6 Pin=D6-A
Added Net: Name=P0.6
Added Pin To Net: NetName=P0.7 Pin=D7-A
Added Net: Name=P0.7
Added Pin To Net: NetName=P1.0 Pin=J7-1
Added Net: Name=P1.0
Added Pin To Net: NetName=P1.1 Pin=J7-2
Added Net: Name=P1.1
Added Pin To Net: NetName=P1.2 Pin=J7-3
Added Net: Name=P1.2
Added Pin To Net: NetName=P1.3 Pin=J7-4
Added Net: Name=P1.3
Added Pin To Net: NetName=P1.4 Pin=J7-5
Added Pin To Net: NetName=P1.4 Pin=J8-1
Added Net: Name=P1.4
Added Pin To Net: NetName=P1.5 Pin=J7-6
Added Net: Name=P1.5
Added Pin To Net: NetName=P1.6 Pin=J7-7
Added Pin To Net: NetName=P1.6 Pin=U1-2
Added Net: Name=P1.6
Added Pin To Net: NetName=P1.7 Pin=J7-8
Added Pin To Net: NetName=P1.7 Pin=J13-2
Added Net: Name=P1.7
Added Pin To Net: NetName=P2.0 Pin=J11-3
Added Pin To Net: NetName=P2.0 Pin=J12-3
Added Net: Name=P2.0
Added Pin To Net: NetName=P2.1 Pin=J11-4
Added Pin To Net: NetName=P2.1 Pin=J12-4
Added Net: Name=P2.1
Added Pin To Net: NetName=P2.2 Pin=J12-5
Added Net: Name=P2.2
Added Pin To Net: NetName=P2.3 Pin=J12-6
Added Net: Name=P2.3
Added Pin To Net: NetName=P2.4 Pin=J12-7
Added Net: Name=P2.4
Added Net: Name=P2.5
Added Net: Name=P2.6
Added Net: Name=P2.7
Added Net: Name=P3.0
Added Net: Name=P3.1
Added Net: Name=P3.2
Added Net: Name=P3.3
Added Net: Name=P3.4
Added Net: Name=P3.5
Added Net: Name=P3.6
Added Net: Name=P3.7
Added Net: Name=PSEN
Added Net: Name=RST
Added Pin To Net: NetName=VCC Pin=J8-3
Added Pin To Net: NetName=VCC Pin=J10-2
Added Pin To Net: NetName=VCC Pin=J10-4
Added Pin To Net: NetName=VCC Pin=J10-6
Added Pin To Net: NetName=VCC Pin=J10-8
Added Pin To Net: NetName=VCC Pin=J11-2
Added Pin To Net: NetName=VCC Pin=J12-2
Added Pin To Net: NetName=VCC Pin=J13-1
Added Net: Name=VCC
Added Net: Name=X1
Added Net: Name=X2
Added Class: Name=Sheet1
Added Room: Name=Sheet1
