Removed Pin From Net: NetName=P0.0 Pin=B1-K
Removed Pin From Net: NetName=P3.0 Pin=J3-4
Removed Member From Class: ClassName=Sheet1 Member=B1
Change Component Footprint: Designator=SW1 Old Footprint=SPST-2 New Footprint=TSW DIP-6*6*5
Change Component Comment : Designator=SW1 Old Comment= New Comment=6x6x5
Change Component Comment : Designator=R1 Old Comment=10K New Comment=4.7K
Change Component Comment : Designator=C1 Old Comment=22P New Comment=33P
Change Component Comment : Designator=C2 Old Comment=22P New Comment=33P
Change component parameters. Clean all parameters for all variants
Change component parameters (AddParameter): Name = "BOM名称"; Value = "直插6x6轻触开关"; VariantName = "[No Variations]"
Change component parameters (AddParameter): Name = "学习资源"; Value = "www.ooocke.com"; VariantName = "[No Variations]"
Change component parameters (AddParameter): Name = "版权归属"; Value = "源创客"; VariantName = "[No Variations]"
Added Component: Designator=U1(BEEP 7.6x12x9.5)
Add component. Clean all parameters for all variants
Added Pin To Net: NetName=RST Pin=C3-2
Added Pin To Net: NetName=P3.0 Pin=J3-2
Added Pin To Net: NetName=RST Pin=R1-1
Added Pin To Net: NetName=NetR2_1 Pin=R2-1
Added Net: Name=NetR2_1
Added Member To Class: ClassName=Sheet1 Member=Component U1 蜂鸣器
Added Room: Name=Sheet1
