Added Component: Designator=C1(CC 2.2*5)
Add component. Clean all parameters for all variants
Add component (AddParameter): Name = "BOM名称"; Value = "直插瓷片电容"; VariantName = "[No Variations]"
Add component (AddParameter): Name = "学习资源"; Value = "www.ooocke.com"; VariantName = "[No Variations]"
Add component (AddParameter): Name = "版权归属"; Value = "源创客"; VariantName = "[No Variations]"
Added Component: Designator=C2(CC 2.2*5)
Add component. Clean all parameters for all variants
Add component (AddParameter): Name = "BOM名称"; Value = "直插瓷片电容"; VariantName = "[No Variations]"
Add component (AddParameter): Name = "学习资源"; Value = "www.ooocke.com"; VariantName = "[No Variations]"
Add component (AddParameter): Name = "版权归属"; Value = "源创客"; VariantName = "[No Variations]"
Added Component: Designator=J1(HDR-1X9_Y)
Add component. Clean all parameters for all variants
Added Component: Designator=J2(HDR-1X20)
Add component. Clean all parameters for all variants
Added Component: Designator=J3(HDR-1X5)
Add component. Clean all parameters for all variants
Added Component: Designator=J4(HDR-1x2)
Add component. Clean all parameters for all variants
Added Component: Designator=J?(HDR-1X20)
Add component. Clean all parameters for all variants
Added Component: Designator=JP(HDR-1X3)
Add component. Clean all parameters for all variants
Add component (AddParameter): Name = "BOM名称"; Value = "3P接插件"; VariantName = "[No Variations]"
Add component (AddParameter): Name = "学习资源"; Value = "www.ooocke.com"; VariantName = "[No Variations]"
Add component (AddParameter): Name = "版权归属"; Value = "源创客"; VariantName = "[No Variations]"
Added Component: Designator=MCU(DIP40-600)
Add component. Clean all parameters for all variants
Add component (AddParameter): Name = "BOM名称"; Value = "STC单片机"; VariantName = "[No Variations]"
Add component (AddParameter): Name = "学习资源"; Value = "www.ooocke.com"; VariantName = "[No Variations]"
Add component (AddParameter): Name = "版权归属"; Value = "源创客"; VariantName = "[No Variations]"
Added Component: Designator=Y1(XTAL-49S DIP)
Add component. Clean all parameters for all variants
Added Pin To Net: NetName=ALE Pin=J2-11
Added Pin To Net: NetName=ALE Pin=MCU-30
Added Net: Name=ALE
Added Pin To Net: NetName=EA Pin=J2-10
Added Pin To Net: NetName=EA Pin=MCU-31
Added Net: Name=EA
Added Pin To Net: NetName=GND Pin=C1-1
Added Pin To Net: NetName=GND Pin=C2-1
Added Pin To Net: NetName=GND Pin=J3-5
Added Pin To Net: NetName=GND Pin=J4-2
Added Pin To Net: NetName=GND Pin=J?-1
Added Pin To Net: NetName=GND Pin=MCU-20
Added Net: Name=GND
Added Pin To Net: NetName=P0.0 Pin=J1-2
Added Pin To Net: NetName=P0.0 Pin=J2-2
Added Pin To Net: NetName=P0.0 Pin=MCU-39
Added Net: Name=P0.0
Added Pin To Net: NetName=P0.1 Pin=J1-3
Added Pin To Net: NetName=P0.1 Pin=J2-3
Added Pin To Net: NetName=P0.1 Pin=MCU-38
Added Net: Name=P0.1
Added Pin To Net: NetName=P0.2 Pin=J1-4
Added Pin To Net: NetName=P0.2 Pin=J2-4
Added Pin To Net: NetName=P0.2 Pin=MCU-37
Added Net: Name=P0.2
Added Pin To Net: NetName=P0.3 Pin=J1-5
Added Pin To Net: NetName=P0.3 Pin=J2-5
Added Pin To Net: NetName=P0.3 Pin=MCU-36
Added Net: Name=P0.3
Added Pin To Net: NetName=P0.4 Pin=J1-6
Added Pin To Net: NetName=P0.4 Pin=J2-6
Added Pin To Net: NetName=P0.4 Pin=MCU-35
Added Net: Name=P0.4
Added Pin To Net: NetName=P0.5 Pin=J1-7
Added Pin To Net: NetName=P0.5 Pin=J2-7
Added Pin To Net: NetName=P0.5 Pin=MCU-34
Added Net: Name=P0.5
Added Pin To Net: NetName=P0.6 Pin=J1-8
Added Pin To Net: NetName=P0.6 Pin=J2-8
Added Pin To Net: NetName=P0.6 Pin=MCU-33
Added Net: Name=P0.6
Added Pin To Net: NetName=P0.7 Pin=J1-9
Added Pin To Net: NetName=P0.7 Pin=J2-9
Added Pin To Net: NetName=P0.7 Pin=MCU-32
Added Net: Name=P0.7
Added Pin To Net: NetName=P1.0 Pin=J?-20
Added Pin To Net: NetName=P1.0 Pin=MCU-1
Added Net: Name=P1.0
Added Pin To Net: NetName=P1.1 Pin=J?-19
Added Pin To Net: NetName=P1.1 Pin=MCU-2
Added Net: Name=P1.1
Added Pin To Net: NetName=P1.2 Pin=J?-18
Added Pin To Net: NetName=P1.2 Pin=MCU-3
Added Net: Name=P1.2
Added Pin To Net: NetName=P1.3 Pin=J?-17
Added Pin To Net: NetName=P1.3 Pin=MCU-4
Added Net: Name=P1.3
Added Pin To Net: NetName=P1.4 Pin=J?-16
Added Pin To Net: NetName=P1.4 Pin=MCU-5
Added Net: Name=P1.4
Added Pin To Net: NetName=P1.5 Pin=J?-15
Added Pin To Net: NetName=P1.5 Pin=MCU-6
Added Net: Name=P1.5
Added Pin To Net: NetName=P1.6 Pin=J?-14
Added Pin To Net: NetName=P1.6 Pin=MCU-7
Added Net: Name=P1.6
Added Pin To Net: NetName=P1.7 Pin=J?-13
Added Pin To Net: NetName=P1.7 Pin=MCU-8
Added Net: Name=P1.7
Added Pin To Net: NetName=P2.0 Pin=J2-20
Added Pin To Net: NetName=P2.0 Pin=MCU-21
Added Net: Name=P2.0
Added Pin To Net: NetName=P2.1 Pin=J2-19
Added Pin To Net: NetName=P2.1 Pin=MCU-22
Added Net: Name=P2.1
Added Pin To Net: NetName=P2.2 Pin=J2-18
Added Pin To Net: NetName=P2.2 Pin=MCU-23
Added Net: Name=P2.2
Added Pin To Net: NetName=P2.3 Pin=J2-17
Added Pin To Net: NetName=P2.3 Pin=MCU-24
Added Net: Name=P2.3
Added Pin To Net: NetName=P2.4 Pin=J2-16
Added Pin To Net: NetName=P2.4 Pin=MCU-25
Added Net: Name=P2.4
Added Pin To Net: NetName=P2.5 Pin=J2-15
Added Pin To Net: NetName=P2.5 Pin=MCU-26
Added Net: Name=P2.5
Added Pin To Net: NetName=P2.6 Pin=J2-14
Added Pin To Net: NetName=P2.6 Pin=MCU-27
Added Net: Name=P2.6
Added Pin To Net: NetName=P2.7 Pin=J2-13
Added Pin To Net: NetName=P2.7 Pin=MCU-28
Added Net: Name=P2.7
Added Pin To Net: NetName=P3.0 Pin=J3-4
Added Pin To Net: NetName=P3.0 Pin=J?-11
Added Pin To Net: NetName=P3.0 Pin=MCU-10
Added Net: Name=P3.0
Added Pin To Net: NetName=P3.1 Pin=J3-3
Added Pin To Net: NetName=P3.1 Pin=J?-10
Added Pin To Net: NetName=P3.1 Pin=MCU-11
Added Net: Name=P3.1
Added Pin To Net: NetName=P3.2 Pin=J?-9
Added Pin To Net: NetName=P3.2 Pin=MCU-12
Added Net: Name=P3.2
Added Pin To Net: NetName=P3.3 Pin=J?-8
Added Pin To Net: NetName=P3.3 Pin=MCU-13
Added Net: Name=P3.3
Added Pin To Net: NetName=P3.4 Pin=J?-7
Added Pin To Net: NetName=P3.4 Pin=MCU-14
Added Net: Name=P3.4
Added Pin To Net: NetName=P3.5 Pin=J?-6
Added Pin To Net: NetName=P3.5 Pin=MCU-15
Added Net: Name=P3.5
Added Pin To Net: NetName=P3.6 Pin=J?-5
Added Pin To Net: NetName=P3.6 Pin=MCU-16
Added Net: Name=P3.6
Added Pin To Net: NetName=P3.7 Pin=J?-4
Added Pin To Net: NetName=P3.7 Pin=MCU-17
Added Net: Name=P3.7
Added Pin To Net: NetName=PSEN Pin=J2-12
Added Pin To Net: NetName=PSEN Pin=MCU-29
Added Net: Name=PSEN
Added Pin To Net: NetName=RST Pin=J?-12
Added Pin To Net: NetName=RST Pin=MCU-9
Added Net: Name=RST
Added Pin To Net: NetName=VCC Pin=J1-1
Added Pin To Net: NetName=VCC Pin=J2-1
Added Pin To Net: NetName=VCC Pin=J3-1
Added Pin To Net: NetName=VCC Pin=J4-1
Added Pin To Net: NetName=VCC Pin=MCU-40
Added Net: Name=VCC
Added Pin To Net: NetName=X1 Pin=C1-2
Added Pin To Net: NetName=X1 Pin=J?-2
Added Pin To Net: NetName=X1 Pin=MCU-19
Added Pin To Net: NetName=X1 Pin=Y1-1
Added Net: Name=X1
Added Pin To Net: NetName=X2 Pin=C2-2
Added Pin To Net: NetName=X2 Pin=J?-3
Added Pin To Net: NetName=X2 Pin=MCU-18
Added Pin To Net: NetName=X2 Pin=Y1-2
Added Net: Name=X2
Added Class: Name=Sheet1
Added Room: Name=Sheet1
