Removed Pin From Net: NetName=GND Pin=J5-2
Removed Pin From Net: NetName=VCC Pin=JP1-1
Removed Pin From Net: NetName=P0.0 Pin=JP1-2
Removed Pin From Net: NetName=GND Pin=JP1-3
Removed Pin From Net: NetName=VCC Pin=JP2-1
Removed Pin From Net: NetName=P0.1 Pin=JP2-2
Removed Pin From Net: NetName=GND Pin=JP2-3
Removed Pin From Net: NetName=VCC Pin=JP3-1
Removed Pin From Net: NetName=P0.2 Pin=JP3-2
Removed Pin From Net: NetName=GND Pin=JP3-3
Removed Pin From Net: NetName=VCC Pin=JP4-1
Removed Pin From Net: NetName=P0.3 Pin=JP4-2
Removed Pin From Net: NetName=GND Pin=JP4-3
Removed Pin From Net: NetName=P3.1 Pin=JP5-1
Removed Pin From Net: NetName=P3.0 Pin=JP5-2
Removed Pin From Net: NetName=GND Pin=JP5-3
Removed Pin From Net: NetName=VCC Pin=JP5-4
Removed Pin From Net: NetName=P3.1 Pin=JP6-1
Removed Pin From Net: NetName=P3.0 Pin=JP6-2
Removed Pin From Net: NetName=GND Pin=JP6-3
Removed Pin From Net: NetName=VCC Pin=JP6-4
Removed Pin From Net: NetName=VCC Pin=JP7-1
Removed Pin From Net: NetName=GND Pin=JP7-3
Removed Pin From Net: NetName=VCC Pin=JP8-1
Removed Pin From Net: NetName=GND Pin=JP8-2
Removed Pin From Net: NetName=P3.2 Pin=JP8-3
Removed Pin From Net: NetName=P0.7 Pin=LED1-2
Removed Pin From Net: NetName=P0.6 Pin=LED2-2
Removed Pin From Net: NetName=VCC Pin=R3-2
Removed Pin From Net: NetName=VCC Pin=R4-2
Removed Pin From Net: NetName=P3.7 Pin=R7-1
Removed Pin From Net: NetName=VCC Pin=SW2-5
Removed Pin From Net: NetName=P0.4 Pin=SW3-1
Removed Pin From Net: NetName=GND Pin=SW3-2
Removed Pin From Net: NetName=P0.5 Pin=SW4-1
Removed Pin From Net: NetName=GND Pin=SW4-2
Removed Member From Class: ClassName=Sheet1 Member=J5
Removed Member From Class: ClassName=Sheet1 Member=JP1
Removed Member From Class: ClassName=Sheet1 Member=JP2
Removed Member From Class: ClassName=Sheet1 Member=JP3
Removed Member From Class: ClassName=Sheet1 Member=JP4
Removed Member From Class: ClassName=Sheet1 Member=JP5
Removed Member From Class: ClassName=Sheet1 Member=JP6
Removed Member From Class: ClassName=Sheet1 Member=JP7
Removed Member From Class: ClassName=Sheet1 Member=JP8
Removed Member From Class: ClassName=Sheet1 Member=LED1
Removed Member From Class: ClassName=Sheet1 Member=LED2
Removed Member From Class: ClassName=Sheet1 Member=R3
Removed Member From Class: ClassName=Sheet1 Member=R4
Removed Member From Class: ClassName=Sheet1 Member=R7
Removed Member From Class: ClassName=Sheet1 Member=SW2
Removed Member From Class: ClassName=Sheet1 Member=SW3
Removed Member From Class: ClassName=Sheet1 Member=SW4
Added Component: Designator=4007(二极管)
Add component. Clean all parameters for all variants
Added Component: Designator=DOWN(TSW DIP-6*6*5)
Add component. Clean all parameters for all variants
Add component (AddParameter): Name = "BOM名称"; Value = "直插6x6轻触开关"; VariantName = "[No Variations]"
Add component (AddParameter): Name = "学习资源"; Value = "www.ooocke.com"; VariantName = "[No Variations]"
Add component (AddParameter): Name = "版权归属"; Value = "源创客"; VariantName = "[No Variations]"
Added Component: Designator=E1(CAP 3.5*8*11.5 - BK)
Add component. Clean all parameters for all variants
Add component (AddParameter): Name = "BOM名称"; Value = "直插电解电容"; VariantName = "[No Variations]"
Add component (AddParameter): Name = "学习资源"; Value = "www.ooocke.com"; VariantName = "[No Variations]"
Add component (AddParameter): Name = "版权归属"; Value = "源创客"; VariantName = "[No Variations]"
Added Component: Designator=E2(CAP 3.5*8*11.5 - BK)
Add component. Clean all parameters for all variants
Add component (AddParameter): Name = "BOM名称"; Value = "直插电解电容"; VariantName = "[No Variations]"
Add component (AddParameter): Name = "学习资源"; Value = "www.ooocke.com"; VariantName = "[No Variations]"
Add component (AddParameter): Name = "版权归属"; Value = "源创客"; VariantName = "[No Variations]"
Added Component: Designator=E3(CAP 3.5*8*11.5 - BK)
Add component. Clean all parameters for all variants
Add component (AddParameter): Name = "BOM名称"; Value = "直插电解电容"; VariantName = "[No Variations]"
Add component (AddParameter): Name = "学习资源"; Value = "www.ooocke.com"; VariantName = "[No Variations]"
Add component (AddParameter): Name = "版权归属"; Value = "源创客"; VariantName = "[No Variations]"
Added Component: Designator=E4(CAP 3.5*8*11.5 - BK)
Add component. Clean all parameters for all variants
Add component (AddParameter): Name = "BOM名称"; Value = "直插电解电容"; VariantName = "[No Variations]"
Add component (AddParameter): Name = "学习资源"; Value = "www.ooocke.com"; VariantName = "[No Variations]"
Add component (AddParameter): Name = "版权归属"; Value = "源创客"; VariantName = "[No Variations]"
Added Component: Designator=INPUT L(CN1)
Add component. Clean all parameters for all variants
Added Component: Designator=INPUT R(CN1)
Add component. Clean all parameters for all variants
Added Component: Designator=J1(CN4)
Add component. Clean all parameters for all variants
Added Component: Designator=J2(CN4)
Add component. Clean all parameters for all variants
Added Component: Designator=J3(CN4)
Add component. Clean all parameters for all variants
Added Component: Designator=OUTPUT L(CN1)
Add component. Clean all parameters for all variants
Added Component: Designator=OUTPUT R(CN1)
Add component. Clean all parameters for all variants
Added Component: Designator=UP(TSW DIP-6*6*5)
Add component. Clean all parameters for all variants
Add component (AddParameter): Name = "BOM名称"; Value = "直插6x6轻触开关"; VariantName = "[No Variations]"
Add component (AddParameter): Name = "学习资源"; Value = "www.ooocke.com"; VariantName = "[No Variations]"
Add component (AddParameter): Name = "版权归属"; Value = "源创客"; VariantName = "[No Variations]"
Added Pin To Net: NetName=VCC Pin=4007-1
Added Pin To Net: NetName=P0.1 Pin=DOWN-3
Added Pin To Net: NetName=GND Pin=DOWN-4
Added Pin To Net: NetName=GND Pin=E1-2
Added Pin To Net: NetName=GND Pin=E2-2
Added Pin To Net: NetName=GND Pin=E3-2
Added Pin To Net: NetName=GND Pin=E4-2
Added Pin To Net: NetName=GND Pin=INPUT L-1
Added Pin To Net: NetName=GND Pin=INPUT R-1
Added Pin To Net: NetName=GND Pin=J1-3
Added Pin To Net: NetName=P3.1 Pin=J3-1
Added Pin To Net: NetName=P3.0 Pin=J3-2
Added Pin To Net: NetName=GND Pin=J3-3
Added Pin To Net: NetName=VCC Pin=J3-4
Added Pin To Net: NetName=GND Pin=OUTPUT L-1
Added Pin To Net: NetName=GND Pin=OUTPUT R-1
Added Pin To Net: NetName=P0.0 Pin=UP-3
Added Pin To Net: NetName=GND Pin=UP-4
Change Net Name : Old Net Name=GND New Net Name=3
Added Pin To Net: NetName=1 Pin=E1-1
Added Pin To Net: NetName=1 Pin=J1-1
Added Net: Name=1
Added Pin To Net: NetName=2 Pin=E2-1
Added Pin To Net: NetName=2 Pin=J1-2
Added Net: Name=2
Added Pin To Net: NetName=4 Pin=J1-4
Added Pin To Net: NetName=4 Pin=J2-20
Added Pin To Net: NetName=4 Pin=MCU-21
Added Net: Name=4
Added Pin To Net: NetName=5 Pin=J2-1
Added Pin To Net: NetName=5 Pin=J2-19
Added Pin To Net: NetName=5 Pin=MCU-22
Added Net: Name=5
Added Pin To Net: NetName=6 Pin=4007-2
Added Pin To Net: NetName=6 Pin=J2-2
Added Net: Name=6
Added Pin To Net: NetName=7 Pin=E3-1
Added Pin To Net: NetName=7 Pin=J2-3
Added Net: Name=7
Added Pin To Net: NetName=8 Pin=E4-1
Added Pin To Net: NetName=8 Pin=J2-4
Added Net: Name=8
Added Member To Class: ClassName=Sheet1 Member=Component 4007 二极管
Added Member To Class: ClassName=Sheet1 Member=Component C6 104
Added Member To Class: ClassName=Sheet1 Member=Component DOWN 6x6x5
Added Member To Class: ClassName=Sheet1 Member=Component E1 10UF/16V
Added Member To Class: ClassName=Sheet1 Member=Component E2 10UF/16V
Added Member To Class: ClassName=Sheet1 Member=Component E3 10UF/16V
Added Member To Class: ClassName=Sheet1 Member=Component E4 10UF/16V
Added Member To Class: ClassName=Sheet1 Member=Component INPUT L CN1
Added Member To Class: ClassName=Sheet1 Member=Component INPUT R CN1
Added Member To Class: ClassName=Sheet1 Member=Component J1 CN9
Added Member To Class: ClassName=Sheet1 Member=Component J2 CN20
Added Member To Class: ClassName=Sheet1 Member=Component J3 CN4
Added Member To Class: ClassName=Sheet1 Member=Component OUTPUT L CN1
Added Member To Class: ClassName=Sheet1 Member=Component OUTPUT R CN1
Added Member To Class: ClassName=Sheet1 Member=Component UP 6x6x5
Added Room: Name=Sheet1
