Added Component: Designator=LCD(LCD-1602)
Add component. Clean all parameters for all variants
Add component (AddParameter): Name = "BOM名称"; Value = "LCD 1602"; VariantName = "[No Variations]"
Add component (AddParameter): Name = "学习资源"; Value = "www.ooocke.com"; VariantName = "[No Variations]"
Add component (AddParameter): Name = "版权归属"; Value = "源创客"; VariantName = "[No Variations]"
Added Pin To Net: NetName=GND Pin=LCD-1
Added Pin To Net: NetName=VCC Pin=LCD-2
Added Pin To Net: NetName=P2.5 Pin=LCD-4
Added Pin To Net: NetName=P2.6 Pin=LCD-5
Added Pin To Net: NetName=P2.7 Pin=LCD-6
Added Pin To Net: NetName=P0.0 Pin=LCD-7
Added Pin To Net: NetName=P0.1 Pin=LCD-8
Added Pin To Net: NetName=P0.2 Pin=LCD-9
Added Pin To Net: NetName=P0.3 Pin=LCD-10
Added Pin To Net: NetName=P0.4 Pin=LCD-11
Added Pin To Net: NetName=P0.5 Pin=LCD-12
Added Pin To Net: NetName=P0.6 Pin=LCD-13
Added Pin To Net: NetName=P0.7 Pin=LCD-14
Added Pin To Net: NetName=VCC Pin=LCD-15
Added Pin To Net: NetName=GND Pin=LCD-16
Added Pin To Net: NetName=NetLCD_3 Pin=LCD-3
Added Pin To Net: NetName=NetLCD_3 Pin=RP1-ADJ
Added Net: Name=NetLCD_3
Added Member To Class: ClassName=Sheet1 Member=Component LCD LCD_1602
Added Room: Name=Sheet1
